<?xml version="1.0" encoding="UTF-8"?>
<!-- Generated by org.testng.reporters.JUnitReportReporter -->
<testsuite hostname="NDI-LAP-279" name="com.testng.practise.Annotationtransformerexample" tests="2" failures="0" timestamp="2 Feb 2015 14:13:56 GMT" time="6.019" errors="0">
  <testcase name="test2" time="3.002" classname="com.testng.practise.Annotationtransformerexample"/>
  <testcase name="test1" time="3.017" classname="com.testng.practise.Annotationtransformerexample"/>
</testsuite> <!-- com.testng.practise.Annotationtransformerexample -->
