<?xml version="1.0" encoding="UTF-8"?>
<!-- Generated by org.testng.reporters.JUnitReportReporter -->
<testsuite hostname="NDI-LAP-279" name="com.testng.practise.RerunFailedTestCases" tests="4" failures="0" timestamp="7 Aug 2014 12:41:50 GMT" time="0.016" errors="0">
  <testcase name="test1" time="0.012" classname="com.testng.practise.RerunFailedTestCases"/>
  <testcase name="test1" time="0.002" classname="com.testng.practise.RerunFailedTestCases"/>
  <testcase name="test2" time="0.001" classname="com.testng.practise.RerunFailedTestCases"/>
  <testcase name="test2" time="0.001" classname="com.testng.practise.RerunFailedTestCases"/>
</testsuite> <!-- com.testng.practise.RerunFailedTestCases -->
